<?xml version="1.0" encoding="UTF-8"?>
<!-- Generated by org.testng.reporters.JUnitReportReporter -->
<testsuite skipped="0" hostname="LAPTOP-G8DFQ1R7" name="test.LoginTest" tests="1" failures="0" timestamp="2021-03-05T13:17:47 EST" time="10.653" errors="0">
  <testcase name="validUserShouldBeAbleToLogin" time="10.653" classname="test.LoginTest"/>
  <system-out/>
</testsuite> <!-- test.LoginTest -->
