<?xml version="1.0" encoding="UTF-8"?>
<!-- Generated by org.testng.reporters.JUnitReportReporter -->
<testsuite skipped="0" hostname="LAPTOP-G8DFQ1R7" name="test.AddCustomerTest" tests="1" failures="0" timestamp="2021-03-05T14:12:38 EST" time="13.515" errors="0">
  <testcase name="validUserShouldBeAbleToAddCustomer" time="13.515" classname="test.AddCustomerTest"/>
  <system-out/>
</testsuite> <!-- test.AddCustomerTest -->
